<?xml version="1.0" encoding="utf-8"?><testsuites><testsuite name="pytest" errors="0" failures="0" skipped="0" tests="8" time="12.388" timestamp="2023-08-04T17:06:49.086139" hostname="jayabrata-airl"><testcase classname="smarts.core.tests.test_python_version" name="test_python_version" time="0.001" /><testcase classname="smarts.core.tests.test_dynamics_backend" name="test_set_pose" time="0.023" /><testcase classname="smarts.core.tests.test_sumo_version" name="test_sumo_version" time="0.119" /><testcase classname="smarts.env.tests.test_social_agent" name="test_social_agents_not_in_env_obs_keys" time="0.717" /><testcase classname="smarts.core.tests.test_sensors" name="test_waypoints_sensor" time="0.923" /><testcase classname="smarts.core.tests.test_smarts" name="test_smarts_doesnt_leak_tasks_after_reset" time="0.955" /><testcase classname="examples.tests.test_examples" name="test_examples[hiway_v1]" time="3.848" /><testcase classname="examples.tests.test_examples" name="test_examples[laner]" time="5.004" /></testsuite></testsuites>